2025-07-03 11:08:00,972 - semgrep.run_scan - DEBUG - semgrep version 1.4.0
2025-07-03 11:08:00,989 - semgrep.git - DEBUG - Failed to get project url from 'git ls-remote': Command failed with exit code: 128
-----
Command failed with output:
fatal: No remote configured to list refs from.


Failed to run 'git ls-remote --get-url'. Possible reasons:

- the git binary is not available
- the current working directory is not a git repository
- the baseline commit is not a parent of the current commit
    (if you are running through semgrep-app, check if you are setting `SEMGREP_BRANCH` or `SEMGREP_BASELINE_COMMIT` properly)
- the current working directory is not marked as safe
    (fix with `git config --global --add safe.directory $(pwd)`)

Try running the command yourself to debug the issue.
2025-07-03 11:08:00,991 - semgrep.config_resolver - DEBUG - Loading local config from /home/runner/workspace/.config/.semgrep/semgrep_rules.json
2025-07-03 11:08:01,011 - semgrep.config_resolver - DEBUG - Done loading local config from /home/runner/workspace/.config/.semgrep/semgrep_rules.json
2025-07-03 11:08:01,015 - semgrep.config_resolver - DEBUG - Saving rules to /tmp/semgrep-gdgsrikk.rules
2025-07-03 11:08:02,454 - semgrep.rule_lang - DEBUG - semgrep-core validation response: valid=True
2025-07-03 11:08:02,454 - semgrep.rule_lang - DEBUG - semgrep-core validation succeeded
2025-07-03 11:08:02,454 - semgrep.rule_lang - DEBUG - RPC validation succeeded
2025-07-03 11:08:02,455 - semgrep.config_resolver - DEBUG - loaded 1 configs in 1.4648001194000244
2025-07-03 11:08:02,603 - semgrep.run_scan - VERBOSE - running 715 rules from 1 config /home/runner/workspace/.config/.semgrep/semgrep_rules.json_0
2025-07-03 11:08:02,603 - semgrep.run_scan - VERBOSE - No .semgrepignore found. Using default .semgrepignore rules. See the docs for the list of default ignores: https://semgrep.dev/docs/cli-usage/#ignore-files
2025-07-03 11:08:02,606 - semgrep.run_scan - VERBOSE - Rules:
2025-07-03 11:08:02,606 - semgrep.run_scan - VERBOSE - <SKIPPED DATA (too many entries; use --max-log-list-entries)>
2025-07-03 11:08:03,546 - semgrep.core_runner - DEBUG - Passing whole rules directly to semgrep_core
2025-07-03 11:08:03,868 - semgrep.core_runner - DEBUG - Running Semgrep engine with command:
2025-07-03 11:08:03,869 - semgrep.core_runner - DEBUG - /tmp/_MEIllTwVp/semgrep/bin/opengrep-core -json -rules /tmp/tmppwcyzslv.json -j 8 -targets /tmp/tmpxq3jx2cp -timeout 5 -timeout_threshold 3 -max_memory 0 -fast
2025-07-03 11:08:18,226 - semgrep.core_runner - DEBUG - --- semgrep-core stderr ---
[00.16][[34mINFO[0m]: Executed as: /tmp/_MEIllTwVp/semgrep/bin/opengrep-core -json -rules /tmp/tmppwcyzslv.json -j 8 -targets /tmp/tmpxq3jx2cp -timeout 5 -timeout_threshold 3 -max_memory 0 -fast
[00.16][[34mINFO[0m]: Version: 1.4.0
[00.16][[34mINFO[0m]: Parsing rules in /tmp/tmppwcyzslv.json
[01.20][[34mINFO[0m]: scan: processing 371 files (skipping 0), with 457 rules (skipping 0 )
[05.48][[33mWARNING[0m]: Fixpoint timeout while performing taint analysis [rule: config..semgrep.vendored-rules.typescript.react.security.audit.react-href-var file: client/src/pages/admin-page.tsx func: AdminPage:7755]
[0m[06.21][[33mWARNING[0m]: Fixpoint timeout while performing taint analysis [rule: config..semgrep.vendored-rules.javascript.lang.security.audit.path-traversal.path-join-resolve-traversal file: client/src/pages/admin-page.tsx func: AdminPage:7755]
[0m[06.57][[33mWARNING[0m]: Fixpoint timeout while performing taint analysis [rule: config..semgrep.vendored-rules.javascript.lang.security.audit.detect-non-literal-require file: client/src/pages/admin-page.tsx func: AdminPage:7755]
[0m[07.38][[33mWARNING[0m]: Fixpoint timeout while performing taint analysis [rule: config..semgrep.vendored-rules.javascript.express.security.injection.raw-html-format file: client/src/pages/admin-page.tsx func: AdminPage:7755]
[0m[07.63][[33mWARNING[0m]: Fixpoint timeout while performing taint analysis [rule: config..semgrep.vendored-rules.javascript.express.security.audit.remote-property-injection file: client/src/pages/admin-page.tsx func: AdminPage:7755]
[0m[07.84][[33mWARNING[0m]: Fixpoint timeout while performing taint analysis [rule: config..semgrep.vendored-rules.javascript.lang.security.audit.detect-non-literal-require file: server/routes.ts func: registerRoutes:16994]
[0m[08.31][[33mWARNING[0m]: Fixpoint timeout while performing taint analysis [rule: config..semgrep.vendored-rules.javascript.express.security.x-frame-options-misconfiguration file: client/src/pages/admin-page.tsx func: AdminPage:7755]
[0m[08.41][[33mWARNING[0m]: Fixpoint timeout while performing taint analysis [rule: config..semgrep.vendored-rules.javascript.express.security.injection.tainted-sql-string file: server/routes.ts func: registerRoutes:16994]
[0m[08.73][[33mWARNING[0m]: Fixpoint timeout while performing taint analysis [rule: config..semgrep.vendored-rules.javascript.express.security.cors-misconfiguration file: client/src/pages/admin-page.tsx func: AdminPage:7755]
[0m[08.91][[33mWARNING[0m]: Fixpoint timeout while performing taint analysis [rule: config..semgrep.vendored-rules.javascript.express.security.injection.raw-html-format file: server/routes.ts func: registerRoutes:16994]
[0m[09.08][[33mWARNING[0m]: Fixpoint timeout while performing taint analysis [rule: config..semgrep.vendored-rules.javascript.express.security.injection.raw-html-format file: server/routes.ts func: registerRoutes:16994]
[0m[09.22][[33mWARNING[0m]: Fixpoint timeout while performing taint analysis [rule: config..semgrep.vendored-rules.javascript.lang.security.audit.unsafe-formatstring file: client/src/pages/chat-page.tsx func: ChatPage:27682]
[0m[09.34][[33mWARNING[0m]: Fixpoint timeout while performing taint analysis [rule: config..semgrep.vendored-rules.javascript.browser.security.raw-html-concat file: client/src/pages/admin-page.tsx func: AdminPage:7755]
[0m[09.36][[33mWARNING[0m]: Fixpoint timeout while performing taint analysis [rule: config..semgrep.vendored-rules.javascript.express.security.injection.raw-html-format file: server/routes.ts func: registerRoutes:16994]
[0m[09.37][[33mWARNING[0m]: Fixpoint timeout while performing taint analysis [rule: config..semgrep.vendored-rules.javascript.lang.security.audit.detect-non-literal-require file: client/src/pages/chat-page.tsx func: ChatPage:27682]
[0m[09.78][[33mWARNING[0m]: Fixpoint timeout while performing taint analysis [rule: config..semgrep.vendored-rules.javascript.lang.security.detect-eval-with-expression file: client/src/pages/chat-page.tsx func: ChatPage:27682]
[0m[10.21][[33mWARNING[0m]: Fixpoint timeout while performing taint analysis [rule: config..semgrep.vendored-rules.javascript.express.security.injection.tainted-sql-string file: client/src/pages/chat-page.tsx func: ChatPage:27682]
[0m[10.99][[33mWARNING[0m]: Fixpoint timeout while performing taint analysis [rule: config..semgrep.vendored-rules.javascript.express.security.audit.xss.direct-response-write file: server/routes.ts func: registerRoutes:16994]
[0m[11.77][[33mWARNING[0m]: Fixpoint timeout while performing taint analysis [rule: config..semgrep.vendored-rules.javascript.express.security.audit.express-ssrf file: server/routes.ts func: registerRoutes:16994]
[0m[12.09][[33mWARNING[0m]: Fixpoint timeout while performing taint analysis [rule: config..semgrep.vendored-rules.javascript.express.security.audit.express-open-redirect file: server/routes.ts func: registerRoutes:16994]
[0m[12.45][[33mWARNING[0m]: Fixpoint timeout while performing taint analysis [rule: config..semgrep.vendored-rules.javascript.express.security.express-wkhtmltoimage-injection file: server/routes.ts func: registerRoutes:16994]
[0m[12.89][[33mWARNING[0m]: Fixpoint timeout while performing taint analysis [rule: config..semgrep.vendored-rules.javascript.express.security.x-frame-options-misconfiguration file: server/routes.ts func: registerRoutes:16994]
[0m[13.41][[33mWARNING[0m]: Fixpoint timeout while performing taint analysis [rule: config..semgrep.vendored-rules.javascript.express.security.require-request file: server/routes.ts func: registerRoutes:16994]
[0m[13.84][[33mWARNING[0m]: Fixpoint timeout while performing taint analysis [rule: config..semgrep.vendored-rules.javascript.express.security.cors-misconfiguration file: server/routes.ts func: registerRoutes:16994]
[0m--- end semgrep-core stderr ---
2025-07-03 11:08:18,235 - semgrep.rule_match - DEBUG - match_key = ('', PosixPath('client/index.html'), 'config..semgrep.vendored-rules.html.security.audit.missing-integrity') match_id = 0ee74fd49637bebe183eca7188dbde26e386314e62cc2e7ba1ee60b377b638243fcd84e6c6fa04886198ccacfa6a711bfbcc61a28f9ddc913d5b3c53083cbc90_0
2025-07-03 11:08:18,236 - semgrep.rule_match - DEBUG - match_key = (' src="https://checkout.razorpay.com/v1/checkout.js" (?is).*integrity= (google-analytics\\.com|fonts\\.googleapis\\.com|fonts\\.gstatic\\.com|googletagmanager\\.com) .*rel\\s*=\\s*[\'"]?preconnect.* href="... :// ..." href="//..." href=\'... :// ...\' href=\'//...\' src="... :// ..." src="//..." src=\'... :// ...\' src=\'//...\' <link  src="https://checkout.razorpay.com/v1/checkout.js" > <script  src="https://checkout.razorpay.com/v1/checkout.js" >...</script>', PosixPath('client/index.html'), 'config..semgrep.vendored-rules.html.security.audit.missing-integrity') match_id = 14fc6e92d46c3bc3fa8f96d54b3d3d3d9dc9f2d7db3764611142f6a50d29d16044985db3896596b8dbca4091d8b35f15c62796f83fdcaa477da932060c64bab4_0
2025-07-03 11:08:18,237 - semgrep.rule_match - DEBUG - match_key = (' src="https://checkout.razorpay.com/v1/checkout.js" (?is).*integrity= (google-analytics\\.com|fonts\\.googleapis\\.com|fonts\\.gstatic\\.com|googletagmanager\\.com) .*rel\\s*=\\s*[\'"]?preconnect.* href="... :// ..." href="//..." href=\'... :// ...\' href=\'//...\' src="... :// ..." src="//..." src=\'... :// ...\' src=\'//...\' <link  src="https://checkout.razorpay.com/v1/checkout.js" > <script  src="https://checkout.razorpay.com/v1/checkout.js" >...</script>', PosixPath('client/index.html'), 'config..semgrep.vendored-rules.html.security.audit.missing-integrity') match_id = 14fc6e92d46c3bc3fa8f96d54b3d3d3d9dc9f2d7db3764611142f6a50d29d16044985db3896596b8dbca4091d8b35f15c62796f83fdcaa477da932060c64bab4_0
2025-07-03 11:08:18,237 - semgrep.rule_match - DEBUG - match_key = (' src="https://checkout.razorpay.com/v1/checkout.js" (?is).*integrity= (google-analytics\\.com|fonts\\.googleapis\\.com|fonts\\.gstatic\\.com|googletagmanager\\.com) .*rel\\s*=\\s*[\'"]?preconnect.* href="... :// ..." href="//..." href=\'... :// ...\' href=\'//...\' src="... :// ..." src="//..." src=\'... :// ...\' src=\'//...\' <link  src="https://checkout.razorpay.com/v1/checkout.js" > <script  src="https://checkout.razorpay.com/v1/checkout.js" >...</script>', PosixPath('client/index.html'), 'config..semgrep.vendored-rules.html.security.audit.missing-integrity') match_id = 14fc6e92d46c3bc3fa8f96d54b3d3d3d9dc9f2d7db3764611142f6a50d29d16044985db3896596b8dbca4091d8b35f15c62796f83fdcaa477da932060c64bab4_0
2025-07-03 11:08:18,238 - semgrep.rule_match - DEBUG - match_key = ('', PosixPath('client/index.html'), 'config..semgrep.vendored-rules.html.security.audit.missing-integrity') match_id = 0ee74fd49637bebe183eca7188dbde26e386314e62cc2e7ba1ee60b377b638243fcd84e6c6fa04886198ccacfa6a711bfbcc61a28f9ddc913d5b3c53083cbc90_0
2025-07-03 11:08:18,238 - semgrep.rule_match - DEBUG - match_key = (' type="text/javascript" src="https://replit.com/public/js/replit-dev-banner.js" (?is).*integrity= (google-analytics\\.com|fonts\\.googleapis\\.com|fonts\\.gstatic\\.com|googletagmanager\\.com) .*rel\\s*=\\s*[\'"]?preconnect.* href="... :// ..." href="//..." href=\'... :// ...\' href=\'//...\' src="... :// ..." src="//..." src=\'... :// ...\' src=\'//...\' <link  type="text/javascript" src="https://replit.com/public/js/replit-dev-banner.js" > <script  type="text/javascript" src="https://replit.com/public/js/replit-dev-banner.js" >...</script>', PosixPath('client/index.html'), 'config..semgrep.vendored-rules.html.security.audit.missing-integrity') match_id = 0728b64e224596592d04447ba8a642ff94e1fb9fcc07be26d49dc7e7f6898e638ad16ffcaca086932c58f4c6400fe32603323afef02cf9bfebcb0e4a53562a40_0
2025-07-03 11:08:18,239 - semgrep.rule_match - DEBUG - match_key = (' type="text/javascript" src="https://replit.com/public/js/replit-dev-banner.js" (?is).*integrity= (google-analytics\\.com|fonts\\.googleapis\\.com|fonts\\.gstatic\\.com|googletagmanager\\.com) .*rel\\s*=\\s*[\'"]?preconnect.* href="... :// ..." href="//..." href=\'... :// ...\' href=\'//...\' src="... :// ..." src="//..." src=\'... :// ...\' src=\'//...\' <link  type="text/javascript" src="https://replit.com/public/js/replit-dev-banner.js" > <script  type="text/javascript" src="https://replit.com/public/js/replit-dev-banner.js" >...</script>', PosixPath('client/index.html'), 'config..semgrep.vendored-rules.html.security.audit.missing-integrity') match_id = 0728b64e224596592d04447ba8a642ff94e1fb9fcc07be26d49dc7e7f6898e638ad16ffcaca086932c58f4c6400fe32603323afef02cf9bfebcb0e4a53562a40_0
2025-07-03 11:08:18,239 - semgrep.rule_match - DEBUG - match_key = (' type="text/javascript" src="https://replit.com/public/js/replit-dev-banner.js" (?is).*integrity= (google-analytics\\.com|fonts\\.googleapis\\.com|fonts\\.gstatic\\.com|googletagmanager\\.com) .*rel\\s*=\\s*[\'"]?preconnect.* href="... :// ..." href="//..." href=\'... :// ...\' href=\'//...\' src="... :// ..." src="//..." src=\'... :// ...\' src=\'//...\' <link  type="text/javascript" src="https://replit.com/public/js/replit-dev-banner.js" > <script  type="text/javascript" src="https://replit.com/public/js/replit-dev-banner.js" >...</script>', PosixPath('client/index.html'), 'config..semgrep.vendored-rules.html.security.audit.missing-integrity') match_id = 0728b64e224596592d04447ba8a642ff94e1fb9fcc07be26d49dc7e7f6898e638ad16ffcaca086932c58f4c6400fe32603323afef02cf9bfebcb0e4a53562a40_0
2025-07-03 11:08:18,240 - semgrep.rule_match - DEBUG - match_key = ('', PosixPath('server/index.ts'), 'config..semgrep.vendored-rules.javascript.express.security.cors-misconfiguration') match_id = 506be74e373265f97ea1961df0ed140e2ca00113aa27ab01e48aaea12d58cf3e60334d706238a2e72c2da8cbbdd8af7787f3423d062afaf4302abb578bc7e8d0_0
2025-07-03 11:08:18,240 - semgrep.rule_match - DEBUG - match_key = ("$APP.$METHOD(..., function $FUNC(req, res) {...}) $APP.$METHOD(..., function $FUNC(req, res, next) {...}) $METHOD ^(get|post|put|head|delete|options)$ function ... (req, res) {...} function ... (req, res, next) {...} req.body req.cookies req.headers req.params req.query req ({ req }: Request,res: Response) => {...}\n ({ req }: Request,res: Response, next: NextFunction) =>\n{...}\n body cookies headers params query 'Access-Control-Allow-Origin' .*(Access-Control-Allow-Origin|access-control-allow-origin).* res.header('Access-Control-Allow-Origin', origin) res.set('Access-Control-Allow-Origin', origin) res.set({'Access-Control-Allow-Origin': origin}, ...)\n res.setHeader('Access-Control-Allow-Origin', origin) res.writeHead($STATUS, {'Access-Control-Allow-Origin': origin}, ...)\n origin", PosixPath('server/index.ts'), 'config..semgrep.vendored-rules.javascript.express.security.cors-misconfiguration') match_id = 80c1c9f9beaec661bf2c777c1eae4d60aea0f8def05c656da69a183f15e648845a4532316f1442a323d10f66e5c9148f47ea4313d15600956253a18a030f99bc_0
2025-07-03 11:08:18,241 - semgrep.rule_match - DEBUG - match_key = ("$APP.$METHOD(..., function $FUNC(req, res) {...}) $APP.$METHOD(..., function $FUNC(req, res, next) {...}) $METHOD ^(get|post|put|head|delete|options)$ function ... (req, res) {...} function ... (req, res, next) {...} req.body req.cookies req.headers req.params req.query req ({ req }: Request,res: Response) => {...}\n ({ req }: Request,res: Response, next: NextFunction) =>\n{...}\n body cookies headers params query 'Access-Control-Allow-Origin' .*(Access-Control-Allow-Origin|access-control-allow-origin).* res.header('Access-Control-Allow-Origin', origin) res.set('Access-Control-Allow-Origin', origin) res.set({'Access-Control-Allow-Origin': origin}, ...)\n res.setHeader('Access-Control-Allow-Origin', origin) res.writeHead($STATUS, {'Access-Control-Allow-Origin': origin}, ...)\n origin", PosixPath('server/index.ts'), 'config..semgrep.vendored-rules.javascript.express.security.cors-misconfiguration') match_id = 80c1c9f9beaec661bf2c777c1eae4d60aea0f8def05c656da69a183f15e648845a4532316f1442a323d10f66e5c9148f47ea4313d15600956253a18a030f99bc_0
2025-07-03 11:08:18,241 - semgrep.rule_match - DEBUG - match_key = ("$APP.$METHOD(..., function $FUNC(req, res) {...}) $APP.$METHOD(..., function $FUNC(req, res, next) {...}) $METHOD ^(get|post|put|head|delete|options)$ function ... (req, res) {...} function ... (req, res, next) {...} req.body req.cookies req.headers req.params req.query req ({ req }: Request,res: Response) => {...}\n ({ req }: Request,res: Response, next: NextFunction) =>\n{...}\n body cookies headers params query 'Access-Control-Allow-Origin' .*(Access-Control-Allow-Origin|access-control-allow-origin).* res.header('Access-Control-Allow-Origin', origin) res.set('Access-Control-Allow-Origin', origin) res.set({'Access-Control-Allow-Origin': origin}, ...)\n res.setHeader('Access-Control-Allow-Origin', origin) res.writeHead($STATUS, {'Access-Control-Allow-Origin': origin}, ...)\n origin", PosixPath('server/index.ts'), 'config..semgrep.vendored-rules.javascript.express.security.cors-misconfiguration') match_id = 80c1c9f9beaec661bf2c777c1eae4d60aea0f8def05c656da69a183f15e648845a4532316f1442a323d10f66e5c9148f47ea4313d15600956253a18a030f99bc_0
2025-07-03 11:08:18,361 - semgrep.core_runner - DEBUG - semgrep ran in 0:00:14.815433 on 141 files
2025-07-03 11:08:18,363 - semgrep.core_runner - DEBUG - findings summary: 3 warning, 0 error, 0 info
2025-07-03 11:08:18,366 - semgrep.app.auth - DEBUG - Getting API token from settings file
2025-07-03 11:08:18,366 - semgrep.app.auth - DEBUG - No API token found in settings file
2025-07-03 11:08:18,504 - semgrep.output - VERBOSE - 
========================================
Files skipped:
========================================

  Always skipped by Opengrep:

   • <none>

  Skipped by .gitignore:
  (Disable by passing --no-git-ignore)

   • <all files not listed by `git ls-files` were skipped>

  Skipped by .semgrepignore:
  - https://semgrep.dev/docs/ignoring-files-folders-code/#understand-semgrep-defaults

   • <none>

  Skipped by --include patterns:

   • <none>

  Skipped by --exclude patterns:

   • <none>

  Files skipped due to insufficient read permissions:

   • <none>

  Skipped by limiting to files smaller than 1000000 bytes:
  (Adjust with the --max-target-bytes flag)

   • <none>

  Partially analyzed due to parsing or internal Opengrep errors

   • tailwind.config.ts (1 lines skipped)

2025-07-03 11:08:18,506 - semgrep.output - INFO - Some files were skipped or only partially analyzed.
  Scan was limited to files tracked by git.
  Partially scanned: 1 files only partially analyzed due to parsing or internal Opengrep errors

Ran 438 rules on 141 files: 3 findings.
2025-07-03 11:08:18,506 - semgrep.app.version - DEBUG - Version cache does not exist
2025-07-03 11:08:18,525 - semgrep.metrics - VERBOSE - Not sending pseudonymous metrics since metrics are configured to OFF and registry usage is False
